<?xml version="1.0" encoding="UTF-8"?>
<!-- Generated by org.testng.reporters.JUnitXMLReporter -->
<testsuite hostname="LC-PC" ignored="0" name="Default test" tests="3" failures="0" timestamp="14 四月 2020 07:45:04 GMT" time="0.04" errors="0">
  <testcase name="f" time="0.004" classname="com.iebm.ssm.test.TestNGDemo"/>
  <testcase name="f" time="0.001" classname="com.iebm.ssm.test.TestNGDemo"/>
  <testcase name="f2" time="0.002" classname="com.iebm.ssm.test.TestNGDemo"/>
</testsuite> <!-- Default test -->
