<?xml version="1.0" encoding="UTF-8"?>
<!-- Generated by org.testng.reporters.JUnitXMLReporter -->
<testsuite hostname="LC-PC" ignored="1" name="ssm_yb_test" tests="3" failures="2" timestamp="2018-12-19T16:52:10 CST" time="14.988" errors="0">
  <testcase name="testLogin" time="11.263" classname="com.iebm.ssm.testScripts.LoginTest"/>
  <testcase name="querytIllegal" time="0.003" classname="com.iebm.ssm.testScripts.IllegalPageTest">
    <failure type="java.lang.NullPointerException">
      <![CDATA[java.lang.NullPointerException
at com.iebm.ssm.pageObjects.QueryDoubtfulPage.nav(IllegalPage.java:32)
at com.iebm.ssm.appModules.QueryDoubtful_Action.openPage(Illegal_Action.java:38)
at com.iebm.ssm.testScripts.IllegalPageTest.querytIllegal(IllegalPageTest.java:26)
... Removed 24 stack frames]]>
    </failure>
  </testcase> <!-- querytIllegal -->
  <testcase name="getRowData" time="1.001" classname="com.iebm.ssm.testScripts.IllegalPageTest">
    <failure type="java.lang.NullPointerException">
      <![CDATA[java.lang.NullPointerException
at com.iebm.ssm.pageObjects.QueryDoubtfulPage.table(IllegalPage.java:67)
at com.iebm.ssm.appModules.QueryDoubtful_Action.readTableRow(Illegal_Action.java:79)
at com.iebm.ssm.testScripts.IllegalPageTest.getRowData(IllegalPageTest.java:45)
... Removed 24 stack frames]]>
    </failure>
  </testcase> <!-- getRowData -->
  <testcase name="getTable" time="0.0" classname="com.iebm.ssm.testScripts.IllegalPageTest">
    <ignored/>
  </testcase> <!-- getTable -->
</testsuite> <!-- ssm_yb_test -->
