<?xml version="1.0" encoding="UTF-8"?>
<!-- Generated by org.testng.reporters.JUnitXMLReporter -->
<testsuite hostname="LC-PC" ignored="0" name="Test" tests="7" failures="0" timestamp="14 四月 2020 08:12:54 GMT" time="0.316" errors="0">
  <testcase name="Test1" time="0.004" classname="com.iebm.ssm.test.TestNGDemo1"/>
  <testcase name="Test2" time="0.001" classname="com.iebm.ssm.test.TestNGDemo1"/>
  <testcase name="Test2" time="0.001" classname="com.iebm.ssm.test.TestNGDemo1"/>
  <testcase name="f" time="0.001" classname="com.iebm.ssm.test.TestNGDemo"/>
  <testcase name="f" time="0.001" classname="com.iebm.ssm.test.TestNGDemo"/>
  <testcase name="f" time="0.269" classname="com.iebm.ssm.test.JsonTest"/>
  <testcase name="f2" time="0.0" classname="com.iebm.ssm.test.TestNGDemo"/>
</testsuite> <!-- Test -->
