<?xml version="1.0" encoding="UTF-8"?>
<!-- Generated by org.testng.reporters.JUnitXMLReporter -->
<testsuite hostname="LC-PC" ignored="0" name="testngtest" tests="3" failures="0" timestamp="16 四月 2020 02:17:08 GMT" time="0.035" errors="0">
  <testcase name="f" time="0.004" classname="com.iebm.ssm.test.TestNGDemo"/>
  <testcase name="f" time="0.0" classname="com.iebm.ssm.test.TestNGDemo"/>
  <testcase name="f2" time="0.001" classname="com.iebm.ssm.test.TestNGDemo"/>
</testsuite> <!-- testngtest -->
