<?xml version="1.0" encoding="UTF-8"?>
<!-- Generated by org.testng.reporters.JUnitXMLReporter -->
<testsuite hostname="LC-PC" ignored="2" name="BusinessAuditTest" tests="12" failures="0" timestamp="2019-06-06T19:26:55 CST" time="27.554" errors="0">
  <testcase name="guestLogin" time="3.676" classname="com.iebm.ssm.testScripts.LoginTest"/>
  <testcase name="openPage" time="0.579" classname="com.iebm.ssm.testScripts.BusinessAuditTest"/>
  <testcase name="queryBusinessAuditCase" time="2.716" classname="com.iebm.ssm.testScripts.BusinessAuditTest"/>
  <testcase name="queryBusinessAuditCase" time="1.064" classname="com.iebm.ssm.testScripts.BusinessAuditTest"/>
  <testcase name="queryBusinessAuditCase" time="2.152" classname="com.iebm.ssm.testScripts.BusinessAuditTest"/>
  <testcase name="queryBusinessAuditCase" time="1.02" classname="com.iebm.ssm.testScripts.BusinessAuditTest"/>
  <testcase name="queryBusinessAuditCase" time="0.0" classname="com.iebm.ssm.testScripts.BusinessAuditTest"/>
  <testcase name="queryBusinessAuditCase" time="1.28" classname="com.iebm.ssm.testScripts.BusinessAuditTest"/>
  <testcase name="queryBusinessAuditCase" time="2.691" classname="com.iebm.ssm.testScripts.BusinessAuditTest"/>
  <testcase name="queryBusinessAuditCase" time="2.132" classname="com.iebm.ssm.testScripts.BusinessAuditTest"/>
  <testcase name="queryBusinessAuditCase" time="1.197" classname="com.iebm.ssm.testScripts.BusinessAuditTest"/>
  <testcase name="queryBusinessAuditCase" time="0.971" classname="com.iebm.ssm.testScripts.BusinessAuditTest"/>
  <testcase name="ssmLogin" time="0.0" classname="com.iebm.ssm.testScripts.LoginTest">
    <ignored/>
  </testcase> <!-- ssmLogin -->
  <testcase name="admintLogin" time="0.0" classname="com.iebm.ssm.testScripts.LoginTest">
    <ignored/>
  </testcase> <!-- admintLogin -->
</testsuite> <!-- BusinessAuditTest -->
