<?xml version="1.0" encoding="UTF-8"?>
<!-- Generated by org.testng.reporters.JUnitXMLReporter -->
<testsuite hostname="LC-PC" ignored="2" name="ConclusionAuditTest" tests="44" failures="0" timestamp="2019-03-15T14:14:28 CST" time="266.499" errors="0">
  <testcase name="guestLogin" time="3.67" classname="com.iebm.ssm.testScripts.LoginTest"/>
  <testcase name="openPage" time="0.178" classname="com.iebm.ssm.testScripts.ConclusionAuditTest"/>
  <testcase name="queryConclusionCase" time="4.847" classname="com.iebm.ssm.testScripts.ConclusionAuditTest"/>
  <testcase name="queryConclusionCase" time="3.79" classname="com.iebm.ssm.testScripts.ConclusionAuditTest"/>
  <testcase name="queryConclusionCase" time="3.606" classname="com.iebm.ssm.testScripts.ConclusionAuditTest"/>
  <testcase name="queryConclusionCase" time="3.862" classname="com.iebm.ssm.testScripts.ConclusionAuditTest"/>
  <testcase name="queryConclusionCase" time="4.132" classname="com.iebm.ssm.testScripts.ConclusionAuditTest"/>
  <testcase name="queryConclusionCase" time="4.552" classname="com.iebm.ssm.testScripts.ConclusionAuditTest"/>
  <testcase name="queryConclusionCase" time="4.954" classname="com.iebm.ssm.testScripts.ConclusionAuditTest"/>
  <testcase name="queryConclusionCase" time="4.933" classname="com.iebm.ssm.testScripts.ConclusionAuditTest"/>
  <testcase name="queryConclusionCase" time="4.51" classname="com.iebm.ssm.testScripts.ConclusionAuditTest"/>
  <testcase name="queryConclusionCase" time="5.31" classname="com.iebm.ssm.testScripts.ConclusionAuditTest"/>
  <testcase name="queryConclusionCase" time="5.489" classname="com.iebm.ssm.testScripts.ConclusionAuditTest"/>
  <testcase name="queryConclusionCase" time="4.61" classname="com.iebm.ssm.testScripts.ConclusionAuditTest"/>
  <testcase name="queryConclusionCase" time="5.471" classname="com.iebm.ssm.testScripts.ConclusionAuditTest"/>
  <testcase name="queryConclusionCase" time="4.92" classname="com.iebm.ssm.testScripts.ConclusionAuditTest"/>
  <testcase name="queryConclusionCase" time="4.735" classname="com.iebm.ssm.testScripts.ConclusionAuditTest"/>
  <testcase name="queryConclusionCase" time="6.667" classname="com.iebm.ssm.testScripts.ConclusionAuditTest"/>
  <testcase name="queryConclusionCase" time="6.602" classname="com.iebm.ssm.testScripts.ConclusionAuditTest"/>
  <testcase name="queryConclusionCase" time="6.73" classname="com.iebm.ssm.testScripts.ConclusionAuditTest"/>
  <testcase name="queryConclusionCase" time="6.693" classname="com.iebm.ssm.testScripts.ConclusionAuditTest"/>
  <testcase name="queryConclusionCase" time="6.365" classname="com.iebm.ssm.testScripts.ConclusionAuditTest"/>
  <testcase name="queryConclusionCase" time="6.471" classname="com.iebm.ssm.testScripts.ConclusionAuditTest"/>
  <testcase name="queryConclusionCase" time="7.041" classname="com.iebm.ssm.testScripts.ConclusionAuditTest"/>
  <testcase name="queryConclusionCase" time="10.486" classname="com.iebm.ssm.testScripts.ConclusionAuditTest"/>
  <testcase name="queryConclusionCase" time="8.489" classname="com.iebm.ssm.testScripts.ConclusionAuditTest"/>
  <testcase name="queryConclusionCase" time="7.428" classname="com.iebm.ssm.testScripts.ConclusionAuditTest"/>
  <testcase name="queryConclusionCase" time="9.119" classname="com.iebm.ssm.testScripts.ConclusionAuditTest"/>
  <testcase name="queryConclusionCase" time="8.318" classname="com.iebm.ssm.testScripts.ConclusionAuditTest"/>
  <testcase name="queryConclusionCase" time="3.532" classname="com.iebm.ssm.testScripts.ConclusionAuditTest"/>
  <testcase name="queryConclusionCase" time="5.104" classname="com.iebm.ssm.testScripts.ConclusionAuditTest"/>
  <testcase name="queryConclusionCase" time="5.602" classname="com.iebm.ssm.testScripts.ConclusionAuditTest"/>
  <testcase name="queryConclusionCase" time="6.007" classname="com.iebm.ssm.testScripts.ConclusionAuditTest"/>
  <testcase name="queryConclusionCase" time="5.808" classname="com.iebm.ssm.testScripts.ConclusionAuditTest"/>
  <testcase name="queryConclusionCase" time="4.196" classname="com.iebm.ssm.testScripts.ConclusionAuditTest"/>
  <testcase name="queryConclusionCase" time="3.985" classname="com.iebm.ssm.testScripts.ConclusionAuditTest"/>
  <testcase name="queryConclusionCase" time="9.093" classname="com.iebm.ssm.testScripts.ConclusionAuditTest"/>
  <testcase name="queryConclusionCase" time="8.36" classname="com.iebm.ssm.testScripts.ConclusionAuditTest"/>
  <testcase name="queryConclusionCase" time="8.593" classname="com.iebm.ssm.testScripts.ConclusionAuditTest"/>
  <testcase name="queryConclusionCase" time="7.491" classname="com.iebm.ssm.testScripts.ConclusionAuditTest"/>
  <testcase name="queryConclusionCase" time="7.829" classname="com.iebm.ssm.testScripts.ConclusionAuditTest"/>
  <testcase name="queryConclusionCase" time="7.795" classname="com.iebm.ssm.testScripts.ConclusionAuditTest"/>
  <testcase name="queryConclusionCase" time="7.814" classname="com.iebm.ssm.testScripts.ConclusionAuditTest"/>
  <testcase name="queryConclusionCase" time="6.86" classname="com.iebm.ssm.testScripts.ConclusionAuditTest"/>
  <testcase name="ssmLogin" time="0.0" classname="com.iebm.ssm.testScripts.LoginTest">
    <ignored/>
  </testcase> <!-- ssmLogin -->
  <testcase name="admintLogin" time="0.0" classname="com.iebm.ssm.testScripts.LoginTest">
    <ignored/>
  </testcase> <!-- admintLogin -->
</testsuite> <!-- ConclusionAuditTest -->
