<?xml version="1.0" encoding="UTF-8"?>
<!-- Generated by org.testng.reporters.JUnitXMLReporter -->
<testsuite hostname="LC-PC" ignored="0" name="datadriverlogin" tests="11" failures="0" timestamp="2019-05-30T14:00:13 CST" time="61.896" errors="0">
  <testcase name="guestLogin" time="3.391" classname="com.iebm.ssm.testScripts.DataDriverLoginTest"/>
  <testcase name="dataDriverLogin" time="3.233" classname="com.iebm.ssm.testScripts.DataDriverLoginTest"/>
  <testcase name="dataDriverLogin" time="3.207" classname="com.iebm.ssm.testScripts.DataDriverLoginTest"/>
  <testcase name="dataDriverLoginFromCSV" time="3.237" classname="com.iebm.ssm.testScripts.DataDriverLoginTest"/>
  <testcase name="dataDriverLoginFromCSV" time="3.211" classname="com.iebm.ssm.testScripts.DataDriverLoginTest"/>
  <testcase name="dataDriverLoginFromExcel" time="3.214" classname="com.iebm.ssm.testScripts.DataDriverLoginTest"/>
  <testcase name="dataDriverLoginFromExcel" time="3.217" classname="com.iebm.ssm.testScripts.DataDriverLoginTest"/>
  <testcase name="dataDriverLoginFromExcel2" time="3.23" classname="com.iebm.ssm.testScripts.DataDriverLoginTest"/>
  <testcase name="dataDriverLoginFromExcel2" time="3.208" classname="com.iebm.ssm.testScripts.DataDriverLoginTest"/>
  <testcase name="dataDriverLoginFromMysql" time="3.227" classname="com.iebm.ssm.testScripts.DataDriverLoginTest"/>
  <testcase name="dataDriverLoginFromMysql" time="3.218" classname="com.iebm.ssm.testScripts.DataDriverLoginTest"/>
</testsuite> <!-- datadriverlogin -->
