<?xml version="1.0" encoding="UTF-8"?>
<!-- Generated by org.testng.reporters.JUnitXMLReporter -->
<testsuite hostname="LC-PC" ignored="2" name="ExpertReviewTest" tests="3" failures="0" timestamp="2019-03-14T18:11:32 CST" time="9.479" errors="0">
  <testcase name="guestLogin" time="3.409" classname="com.iebm.ssm.testScripts.LoginTest"/>
  <testcase name="openPage" time="0.219" classname="com.iebm.ssm.testScripts.ExpertReviewTest"/>
  <testcase name="queryReviewCase" time="2.712" classname="com.iebm.ssm.testScripts.ExpertReviewTest"/>
  <testcase name="ssmLogin" time="0.0" classname="com.iebm.ssm.testScripts.LoginTest">
    <ignored/>
  </testcase> <!-- ssmLogin -->
  <testcase name="admintLogin" time="0.0" classname="com.iebm.ssm.testScripts.LoginTest">
    <ignored/>
  </testcase> <!-- admintLogin -->
</testsuite> <!-- ExpertReviewTest -->
