<?xml version="1.0" encoding="UTF-8"?>
<!-- Generated by org.testng.reporters.JUnitXMLReporter -->
<testsuite hostname="LC-PC" ignored="2" name="ExpertReviewTest" tests="12" failures="0" timestamp="2019-06-06T19:14:31 CST" time="24.509" errors="0">
  <testcase name="guestLogin" time="3.808" classname="com.iebm.ssm.testScripts.LoginTest"/>
  <testcase name="openPage" time="0.288" classname="com.iebm.ssm.testScripts.ExpertReviewTest"/>
  <testcase name="queryReviewCase" time="3.652" classname="com.iebm.ssm.testScripts.ExpertReviewTest"/>
  <testcase name="queryReviewCase" time="1.319" classname="com.iebm.ssm.testScripts.ExpertReviewTest"/>
  <testcase name="queryReviewCase" time="2.08" classname="com.iebm.ssm.testScripts.ExpertReviewTest"/>
  <testcase name="queryReviewCase" time="1.614" classname="com.iebm.ssm.testScripts.ExpertReviewTest"/>
  <testcase name="queryReviewCase" time="0.0" classname="com.iebm.ssm.testScripts.ExpertReviewTest"/>
  <testcase name="queryReviewCase" time="1.325" classname="com.iebm.ssm.testScripts.ExpertReviewTest"/>
  <testcase name="queryReviewCase" time="2.546" classname="com.iebm.ssm.testScripts.ExpertReviewTest"/>
  <testcase name="queryReviewCase" time="2.212" classname="com.iebm.ssm.testScripts.ExpertReviewTest"/>
  <testcase name="queryReviewCase" time="0.0" classname="com.iebm.ssm.testScripts.ExpertReviewTest"/>
  <testcase name="queryReviewCase" time="0.0" classname="com.iebm.ssm.testScripts.ExpertReviewTest"/>
  <testcase name="ssmLogin" time="0.0" classname="com.iebm.ssm.testScripts.LoginTest">
    <ignored/>
  </testcase> <!-- ssmLogin -->
  <testcase name="admintLogin" time="0.0" classname="com.iebm.ssm.testScripts.LoginTest">
    <ignored/>
  </testcase> <!-- admintLogin -->
</testsuite> <!-- ExpertReviewTest -->
