<?xml version="1.0" encoding="UTF-8"?>
<!-- Generated by org.testng.reporters.JUnitXMLReporter -->
<testsuite hostname="LC-PC" ignored="2" name="HospitalDoubtFeedBackTest" tests="12" failures="0" timestamp="2019-06-06T17:03:47 CST" time="38.16" errors="0">
  <testcase name="guestLogin" time="3.502" classname="com.iebm.ssm.testScripts.LoginTest"/>
  <testcase name="openPage" time="0.809" classname="com.iebm.ssm.testScripts.HospitalDoubtFeedBackTest"/>
  <testcase name="queryFeedBackCase" time="1.464" classname="com.iebm.ssm.testScripts.HospitalDoubtFeedBackTest"/>
  <testcase name="queryFeedBackCase" time="1.614" classname="com.iebm.ssm.testScripts.HospitalDoubtFeedBackTest"/>
  <testcase name="queryFeedBackCase" time="4.974" classname="com.iebm.ssm.testScripts.HospitalDoubtFeedBackTest"/>
  <testcase name="queryFeedBackCase" time="3.776" classname="com.iebm.ssm.testScripts.HospitalDoubtFeedBackTest"/>
  <testcase name="queryFeedBackCase" time="2.237" classname="com.iebm.ssm.testScripts.HospitalDoubtFeedBackTest"/>
  <testcase name="queryFeedBackCase" time="2.359" classname="com.iebm.ssm.testScripts.HospitalDoubtFeedBackTest"/>
  <testcase name="queryFeedBackCase" time="3.663" classname="com.iebm.ssm.testScripts.HospitalDoubtFeedBackTest"/>
  <testcase name="queryFeedBackCase" time="2.678" classname="com.iebm.ssm.testScripts.HospitalDoubtFeedBackTest"/>
  <testcase name="queryFeedBackCase" time="2.306" classname="com.iebm.ssm.testScripts.HospitalDoubtFeedBackTest"/>
  <testcase name="queryFeedBackCase" time="2.332" classname="com.iebm.ssm.testScripts.HospitalDoubtFeedBackTest"/>
  <testcase name="ssmLogin" time="0.0" classname="com.iebm.ssm.testScripts.LoginTest">
    <ignored/>
  </testcase> <!-- ssmLogin -->
  <testcase name="admintLogin" time="0.0" classname="com.iebm.ssm.testScripts.LoginTest">
    <ignored/>
  </testcase> <!-- admintLogin -->
</testsuite> <!-- HospitalDoubtFeedBackTest -->
