<?xml version="1.0" encoding="UTF-8"?>
<!-- Generated by org.testng.reporters.JUnitXMLReporter -->
<testsuite hostname="LC-PC" ignored="2" name="HospitalDoubtFeedBackTest" tests="3" failures="0" timestamp="2019-03-14T12:36:08 CST" time="9.697" errors="0">
  <testcase name="guestLogin" time="3.387" classname="com.iebm.ssm.testScripts.LoginTest"/>
  <testcase name="openPage" time="0.761" classname="com.iebm.ssm.testScripts.HospitalDoubtFeedBackTest"/>
  <testcase name="queryFeedBackCase" time="2.497" classname="com.iebm.ssm.testScripts.HospitalDoubtFeedBackTest"/>
  <testcase name="ssmLogin" time="0.0" classname="com.iebm.ssm.testScripts.LoginTest">
    <ignored/>
  </testcase> <!-- ssmLogin -->
  <testcase name="admintLogin" time="0.0" classname="com.iebm.ssm.testScripts.LoginTest">
    <ignored/>
  </testcase> <!-- admintLogin -->
</testsuite> <!-- HospitalDoubtFeedBackTest -->
