<?xml version="1.0" encoding="UTF-8"?>
<!-- Generated by org.testng.reporters.JUnitXMLReporter -->
<testsuite hostname="LC-PC" ignored="2" name="HospitalFeedBackTest" tests="3" failures="0" timestamp="2019-03-14T09:58:10 CST" time="11.592" errors="0">
  <testcase name="guestLogin" time="3.364" classname="com.iebm.ssm.testScripts.LoginTest"/>
  <testcase name="openPage" time="0.957" classname="com.iebm.ssm.testScripts.ReviewFirstTest"/>
  <testcase name="queryReviewCase" time="4.165" classname="com.iebm.ssm.testScripts.ReviewFirstTest"/>
  <testcase name="ssmLogin" time="0.0" classname="com.iebm.ssm.testScripts.LoginTest">
    <ignored/>
  </testcase> <!-- ssmLogin -->
  <testcase name="admintLogin" time="0.0" classname="com.iebm.ssm.testScripts.LoginTest">
    <ignored/>
  </testcase> <!-- admintLogin -->
</testsuite> <!-- HospitalFeedBackTest -->
