<?xml version="1.0" encoding="UTF-8"?>
<!-- Generated by org.testng.reporters.JUnitXMLReporter -->
<testsuite hostname="LC-PC" ignored="3" name="HospitalFeedBackTest" tests="12" failures="0" timestamp="2019-05-30T13:37:13 CST" time="31.158" errors="0">
  <testcase name="guestLogin" time="3.751" classname="com.iebm.ssm.testScripts.LoginTest"/>
  <testcase name="openPage" time="0.208" classname="com.iebm.ssm.testScripts.HospitalFeedBackTest"/>
  <testcase name="queryCaseFeedBack2" time="2.192" classname="com.iebm.ssm.testScripts.HospitalFeedBackTest"/>
  <testcase name="queryCaseFeedBack2" time="2.314" classname="com.iebm.ssm.testScripts.HospitalFeedBackTest"/>
  <testcase name="queryCaseFeedBack2" time="1.041" classname="com.iebm.ssm.testScripts.HospitalFeedBackTest"/>
  <testcase name="queryCaseFeedBack2" time="2.151" classname="com.iebm.ssm.testScripts.HospitalFeedBackTest"/>
  <testcase name="queryCaseFeedBack2" time="2.385" classname="com.iebm.ssm.testScripts.HospitalFeedBackTest"/>
  <testcase name="queryCaseFeedBack2" time="2.235" classname="com.iebm.ssm.testScripts.HospitalFeedBackTest"/>
  <testcase name="queryCaseFeedBack2" time="2.236" classname="com.iebm.ssm.testScripts.HospitalFeedBackTest"/>
  <testcase name="queryCaseFeedBack2" time="2.424" classname="com.iebm.ssm.testScripts.HospitalFeedBackTest"/>
  <testcase name="queryCaseFeedBack2" time="2.191" classname="com.iebm.ssm.testScripts.HospitalFeedBackTest"/>
  <testcase name="queryCaseFeedBack2" time="2.221" classname="com.iebm.ssm.testScripts.HospitalFeedBackTest"/>
  <testcase name="ssmLogin" time="0.0" classname="com.iebm.ssm.testScripts.LoginTest">
    <ignored/>
  </testcase> <!-- ssmLogin -->
  <testcase name="admintLogin" time="0.0" classname="com.iebm.ssm.testScripts.LoginTest">
    <ignored/>
  </testcase> <!-- admintLogin -->
  <testcase name="queryCaseFeedBack" time="0.0" classname="com.iebm.ssm.testScripts.HospitalFeedBackTest">
    <ignored/>
  </testcase> <!-- queryCaseFeedBack -->
</testsuite> <!-- HospitalFeedBackTest -->
