<?xml version="1.0" encoding="UTF-8"?>
<!-- Generated by org.testng.reporters.JUnitXMLReporter -->
<testsuite hostname="LC-PC" ignored="2" name="ReviewSencondTest" tests="3" failures="0" timestamp="2019-03-14T12:59:25 CST" time="9.871" errors="0">
  <testcase name="guestLogin" time="3.462" classname="com.iebm.ssm.testScripts.LoginTest"/>
  <testcase name="openPage" time="0.167" classname="com.iebm.ssm.testScripts.ReviewSencondTest"/>
  <testcase name="queryReviewCase" time="2.676" classname="com.iebm.ssm.testScripts.ReviewSencondTest"/>
  <testcase name="ssmLogin" time="0.0" classname="com.iebm.ssm.testScripts.LoginTest">
    <ignored/>
  </testcase> <!-- ssmLogin -->
  <testcase name="admintLogin" time="0.0" classname="com.iebm.ssm.testScripts.LoginTest">
    <ignored/>
  </testcase> <!-- admintLogin -->
</testsuite> <!-- ReviewSencondTest -->
