<?xml version="1.0" encoding="UTF-8"?>
<!-- Generated by org.testng.reporters.JUnitXMLReporter -->
<testsuite hostname="LC-PC" ignored="2" name="ReviewFirstTest" tests="12" failures="0" timestamp="2019-06-06T16:27:53 CST" time="40.618" errors="0">
  <testcase name="guestLogin" time="3.472" classname="com.iebm.ssm.testScripts.LoginTest"/>
  <testcase name="openPage" time="0.847" classname="com.iebm.ssm.testScripts.ReviewFirstTest"/>
  <testcase name="queryReviewCase" time="4.459" classname="com.iebm.ssm.testScripts.ReviewFirstTest"/>
  <testcase name="queryReviewCase" time="3.228" classname="com.iebm.ssm.testScripts.ReviewFirstTest"/>
  <testcase name="queryReviewCase" time="4.663" classname="com.iebm.ssm.testScripts.ReviewFirstTest"/>
  <testcase name="queryReviewCase" time="2.708" classname="com.iebm.ssm.testScripts.ReviewFirstTest"/>
  <testcase name="queryReviewCase" time="1.556" classname="com.iebm.ssm.testScripts.ReviewFirstTest"/>
  <testcase name="queryReviewCase" time="1.298" classname="com.iebm.ssm.testScripts.ReviewFirstTest"/>
  <testcase name="queryReviewCase" time="2.447" classname="com.iebm.ssm.testScripts.ReviewFirstTest"/>
  <testcase name="queryReviewCase" time="3.645" classname="com.iebm.ssm.testScripts.ReviewFirstTest"/>
  <testcase name="queryReviewCase" time="3.007" classname="com.iebm.ssm.testScripts.ReviewFirstTest"/>
  <testcase name="queryReviewCase" time="2.86" classname="com.iebm.ssm.testScripts.ReviewFirstTest"/>
  <testcase name="ssmLogin" time="0.0" classname="com.iebm.ssm.testScripts.LoginTest">
    <ignored/>
  </testcase> <!-- ssmLogin -->
  <testcase name="admintLogin" time="0.0" classname="com.iebm.ssm.testScripts.LoginTest">
    <ignored/>
  </testcase> <!-- admintLogin -->
</testsuite> <!-- ReviewFirstTest -->
