<?xml version="1.0" encoding="UTF-8"?>
<!-- Generated by org.testng.reporters.JUnitXMLReporter -->
<testsuite hostname="LC-PC" ignored="1" name="TestCase2" tests="2" failures="0" timestamp="2018-12-19T15:45:34 CST" time="15.166" errors="0">
  <testcase name="testLogin" time="11.281" classname="com.iebm.ssm.testScripts.LoginTest"/>
  <testcase name="testIllegal" time="1.025" classname="com.iebm.ssm.testScripts.CaseQueryTest"/>
  <testcase name="illgealQuery" time="0.0" classname="com.iebm.ssm.testScripts.CaseQueryTest">
    <ignored/>
  </testcase> <!-- illgealQuery -->
</testsuite> <!-- TestCase2 -->
