<?xml version="1.0" encoding="UTF-8"?>
<testng-results skipped="0" failed="0" ignored="0" total="3" passed="3">
  <reporter-output>
  </reporter-output>
  <suite name="Suite" duration-ms="40" started-at="2020-04-14T09:15:42Z" finished-at="2020-04-14T09:15:42Z">
    <groups>
    </groups>
    <test name="testngtest" duration-ms="40" started-at="2020-04-14T09:15:42Z" finished-at="2020-04-14T09:15:42Z">
      <class name="com.iebm.ssm.test.TestNGDemo">
        <test-method status="PASS" signature="beforeSuite()[pri:0, instance:com.iebm.ssm.test.TestNGDemo@bbfa04]" name="beforeSuite" is-config="true" duration-ms="11" started-at="2020-04-14T17:15:42Z" finished-at="2020-04-14T17:15:42Z">
          <reporter-output>
          </reporter-output>
        </test-method> <!-- beforeSuite -->
        <test-method status="PASS" signature="beforeTest()[pri:0, instance:com.iebm.ssm.test.TestNGDemo@bbfa04]" name="beforeTest" is-config="true" duration-ms="0" started-at="2020-04-14T17:15:42Z" finished-at="2020-04-14T17:15:42Z">
          <reporter-output>
          </reporter-output>
        </test-method> <!-- beforeTest -->
        <test-method status="PASS" signature="beforeClass()[pri:0, instance:com.iebm.ssm.test.TestNGDemo@bbfa04]" name="beforeClass" is-config="true" duration-ms="0" started-at="2020-04-14T17:15:42Z" finished-at="2020-04-14T17:15:42Z">
          <reporter-output>
          </reporter-output>
        </test-method> <!-- beforeClass -->
        <test-method status="PASS" signature="f(java.lang.Integer, java.lang.String)[pri:0, instance:com.iebm.ssm.test.TestNGDemo@bbfa04]" name="f" duration-ms="4" started-at="2020-04-14T17:15:42Z" data-provider="dp" finished-at="2020-04-14T17:15:42Z">
          <params>
            <param index="0">
              <value>
                <![CDATA[1]]>
              </value>
            </param>
            <param index="1">
              <value>
                <![CDATA[a]]>
              </value>
            </param>
          </params>
          <reporter-output>
          </reporter-output>
        </test-method> <!-- f -->
        <test-method status="PASS" signature="beforeMethod()[pri:0, instance:com.iebm.ssm.test.TestNGDemo@bbfa04]" name="beforeMethod" is-config="true" duration-ms="0" started-at="2020-04-14T17:15:42Z" finished-at="2020-04-14T17:15:42Z">
          <reporter-output>
          </reporter-output>
        </test-method> <!-- beforeMethod -->
        <test-method status="PASS" signature="afterMethod()[pri:0, instance:com.iebm.ssm.test.TestNGDemo@bbfa04]" name="afterMethod" is-config="true" duration-ms="0" started-at="2020-04-14T17:15:42Z" finished-at="2020-04-14T17:15:42Z">
          <reporter-output>
          </reporter-output>
        </test-method> <!-- afterMethod -->
        <test-method status="PASS" signature="f(java.lang.Integer, java.lang.String)[pri:0, instance:com.iebm.ssm.test.TestNGDemo@bbfa04]" name="f" duration-ms="1" started-at="2020-04-14T17:15:42Z" data-provider="dp" finished-at="2020-04-14T17:15:42Z">
          <params>
            <param index="0">
              <value>
                <![CDATA[2]]>
              </value>
            </param>
            <param index="1">
              <value>
                <![CDATA[b]]>
              </value>
            </param>
          </params>
          <reporter-output>
          </reporter-output>
        </test-method> <!-- f -->
        <test-method status="PASS" signature="beforeMethod()[pri:0, instance:com.iebm.ssm.test.TestNGDemo@bbfa04]" name="beforeMethod" is-config="true" duration-ms="0" started-at="2020-04-14T17:15:42Z" finished-at="2020-04-14T17:15:42Z">
          <reporter-output>
          </reporter-output>
        </test-method> <!-- beforeMethod -->
        <test-method status="PASS" signature="afterMethod()[pri:0, instance:com.iebm.ssm.test.TestNGDemo@bbfa04]" name="afterMethod" is-config="true" duration-ms="0" started-at="2020-04-14T17:15:42Z" finished-at="2020-04-14T17:15:42Z">
          <reporter-output>
          </reporter-output>
        </test-method> <!-- afterMethod -->
        <test-method status="PASS" signature="f2(java.lang.String)[pri:1, instance:com.iebm.ssm.test.TestNGDemo@bbfa04]" name="f2" duration-ms="1" started-at="2020-04-14T17:15:42Z" finished-at="2020-04-14T17:15:42Z">
          <params>
            <param index="0">
              <value>
                <![CDATA[case/api-data.xls]]>
              </value>
            </param>
          </params>
          <reporter-output>
          </reporter-output>
        </test-method> <!-- f2 -->
        <test-method status="PASS" signature="beforeMethod()[pri:0, instance:com.iebm.ssm.test.TestNGDemo@bbfa04]" name="beforeMethod" is-config="true" duration-ms="0" started-at="2020-04-14T17:15:42Z" finished-at="2020-04-14T17:15:42Z">
          <reporter-output>
          </reporter-output>
        </test-method> <!-- beforeMethod -->
        <test-method status="PASS" signature="afterMethod()[pri:0, instance:com.iebm.ssm.test.TestNGDemo@bbfa04]" name="afterMethod" is-config="true" duration-ms="0" started-at="2020-04-14T17:15:42Z" finished-at="2020-04-14T17:15:42Z">
          <reporter-output>
          </reporter-output>
        </test-method> <!-- afterMethod -->
        <test-method status="PASS" signature="afterClass()[pri:0, instance:com.iebm.ssm.test.TestNGDemo@bbfa04]" name="afterClass" is-config="true" duration-ms="0" started-at="2020-04-14T17:15:42Z" finished-at="2020-04-14T17:15:42Z">
          <reporter-output>
          </reporter-output>
        </test-method> <!-- afterClass -->
        <test-method status="PASS" signature="afterTest()[pri:0, instance:com.iebm.ssm.test.TestNGDemo@bbfa04]" name="afterTest" is-config="true" duration-ms="0" started-at="2020-04-14T17:15:42Z" finished-at="2020-04-14T17:15:42Z">
          <reporter-output>
          </reporter-output>
        </test-method> <!-- afterTest -->
        <test-method status="PASS" signature="afterSuite()[pri:0, instance:com.iebm.ssm.test.TestNGDemo@bbfa04]" name="afterSuite" is-config="true" duration-ms="0" started-at="2020-04-14T17:15:42Z" finished-at="2020-04-14T17:15:42Z">
          <reporter-output>
          </reporter-output>
        </test-method> <!-- afterSuite -->
      </class> <!-- com.iebm.ssm.test.TestNGDemo -->
    </test> <!-- testngtest -->
  </suite> <!-- Suite -->
</testng-results>
