<?xml version="1.0" encoding="UTF-8"?>
<testng-results skipped="0" failed="0" ignored="0" total="1" passed="1">
  <reporter-output>
  </reporter-output>
  <suite name="Suite" duration-ms="31" started-at="2020-04-15T09:24:03Z" finished-at="2020-04-15T09:24:03Z">
    <groups>
    </groups>
    <test name="接口测试框架" duration-ms="31" started-at="2020-04-15T09:24:03Z" finished-at="2020-04-15T09:24:03Z">
      <class name="com.iebm.api.test.ApiTest">
        <test-method status="PASS" signature="init(java.lang.String)[pri:0, instance:com.iebm.api.test.ApiTest@100df86]" name="init" is-config="true" duration-ms="292" started-at="2020-04-15T17:24:03Z" finished-at="2020-04-15T17:24:03Z">
          <params>
            <param index="0">
              <value>
                <![CDATA[api-config.xml]]>
              </value>
            </param>
          </params>
          <reporter-output>
          </reporter-output>
        </test-method> <!-- init -->
        <test-method status="PASS" signature="apiTest()[pri:0, instance:com.iebm.api.test.ApiTest@100df86]" name="apiTest" duration-ms="4" started-at="2020-04-15T17:24:03Z" finished-at="2020-04-15T17:24:03Z">
          <reporter-output>
          </reporter-output>
        </test-method> <!-- apiTest -->
      </class> <!-- com.iebm.api.test.ApiTest -->
    </test> <!-- 接口测试框架 -->
  </suite> <!-- Suite -->
</testng-results>
